mode: set
github.com/dragosboca/haws/pkg/components/resources/customtags/tags.go:7.23,19.2 1 1
github.com/dragosboca/haws/pkg/components/resources/iampolicy/policy.go:16.31,22.2 1 1
github.com/dragosboca/haws/pkg/components/resources/iampolicy/policy.go:24.58,27.2 2 1
github.com/dragosboca/haws/pkg/logger/logger.go:38.31,40.2 1 1
github.com/dragosboca/haws/pkg/logger/logger.go:43.48,44.32 1 1
github.com/dragosboca/haws/pkg/logger/logger.go:44.32,46.3 1 1
github.com/dragosboca/haws/pkg/logger/logger.go:50.47,51.31 1 1
github.com/dragosboca/haws/pkg/logger/logger.go:51.31,53.3 1 1
github.com/dragosboca/haws/pkg/logger/logger.go:57.47,58.31 1 1
github.com/dragosboca/haws/pkg/logger/logger.go:58.31,60.3 1 1
github.com/dragosboca/haws/pkg/logger/logger.go:64.48,65.32 1 1
github.com/dragosboca/haws/pkg/logger/logger.go:65.32,67.3 1 1
github.com/dragosboca/haws/pkg/logger/logger.go:71.48,74.2 2 0
github.com/dragosboca/haws/pkg/logger/logger.go:77.60,86.15 5 1
github.com/dragosboca/haws/pkg/logger/logger.go:87.15,88.26 1 1
github.com/dragosboca/haws/pkg/logger/logger.go:89.15,90.25 1 1
github.com/dragosboca/haws/pkg/logger/logger.go:91.15,92.25 1 1
github.com/dragosboca/haws/pkg/logger/logger.go:93.15,94.26 1 1
github.com/dragosboca/haws/pkg/logger/logger.go:95.15,96.26 1 0
github.com/dragosboca/haws/pkg/logger/logger.go:97.10,98.25 1 0
github.com/dragosboca/haws/pkg/logger/logger.go:101.2,102.22 2 1
github.com/dragosboca/haws/pkg/components/resources/bucketpolicy/policy.go:19.31,25.2 1 1
github.com/dragosboca/haws/pkg/components/resources/bucketpolicy/policy.go:27.58,30.2 2 1
github.com/dragosboca/haws/pkg/components/bucket.go:27.40,104.2 12 1
github.com/dragosboca/haws/pkg/components/bucket.go:106.54,108.2 1 1
github.com/dragosboca/haws/pkg/components/bucket.go:110.41,113.2 2 1
github.com/dragosboca/haws/pkg/components/cdn.go:35.31,42.20 3 1
github.com/dragosboca/haws/pkg/components/cdn.go:42.20,44.3 1 0
github.com/dragosboca/haws/pkg/components/cdn.go:46.2,154.12 11 1
github.com/dragosboca/haws/pkg/components/cdn.go:157.51,159.2 1 1
github.com/dragosboca/haws/pkg/components/cdn.go:161.38,164.2 2 1
github.com/dragosboca/haws/pkg/components/certificate.go:26.55,65.2 6 1
github.com/dragosboca/haws/pkg/components/certificate.go:67.59,69.2 1 1
github.com/dragosboca/haws/pkg/components/certificate.go:71.46,74.2 2 1
github.com/dragosboca/haws/pkg/components/user.go:32.37,34.20 2 1
github.com/dragosboca/haws/pkg/components/user.go:34.20,36.3 1 0
github.com/dragosboca/haws/pkg/components/user.go:38.2,105.13 10 1
github.com/dragosboca/haws/pkg/components/user.go:108.52,110.2 1 1
github.com/dragosboca/haws/pkg/components/user.go:112.39,115.2 2 1
github.com/dragosboca/haws/pkg/stack/changeset.go:16.36,21.2 2 0
github.com/dragosboca/haws/pkg/stack/changeset.go:26.49,29.16 3 0
github.com/dragosboca/haws/pkg/stack/changeset.go:29.16,32.3 2 0
github.com/dragosboca/haws/pkg/stack/changeset.go:33.2,33.34 1 0
github.com/dragosboca/haws/pkg/stack/changeset.go:41.80,48.21 5 0
github.com/dragosboca/haws/pkg/stack/changeset.go:48.21,51.3 2 0
github.com/dragosboca/haws/pkg/stack/changeset.go:51.8,53.3 1 0
github.com/dragosboca/haws/pkg/stack/changeset.go:56.2,57.43 2 0
github.com/dragosboca/haws/pkg/stack/changeset.go:57.43,62.3 1 0
github.com/dragosboca/haws/pkg/stack/changeset.go:64.2,72.16 2 0
github.com/dragosboca/haws/pkg/stack/changeset.go:72.16,74.3 1 0
github.com/dragosboca/haws/pkg/stack/changeset.go:75.2,75.28 1 0
github.com/dragosboca/haws/pkg/stack/changeset.go:82.64,89.35 4 0
github.com/dragosboca/haws/pkg/stack/changeset.go:89.35,95.17 2 0
github.com/dragosboca/haws/pkg/stack/changeset.go:95.17,97.4 1 0
github.com/dragosboca/haws/pkg/stack/changeset.go:100.3,100.57 1 0
github.com/dragosboca/haws/pkg/stack/changeset.go:100.57,102.4 1 0
github.com/dragosboca/haws/pkg/stack/changeset.go:105.3,105.89 1 0
github.com/dragosboca/haws/pkg/stack/changeset.go:105.89,111.18 3 0
github.com/dragosboca/haws/pkg/stack/changeset.go:111.18,113.5 1 0
github.com/dragosboca/haws/pkg/stack/changeset.go:114.4,114.20 1 0
github.com/dragosboca/haws/pkg/stack/changeset.go:115.9,115.56 1 0
github.com/dragosboca/haws/pkg/stack/changeset.go:115.56,118.4 1 0
github.com/dragosboca/haws/pkg/stack/changeset.go:121.3,121.20 1 0
github.com/dragosboca/haws/pkg/stack/changeset.go:124.2,124.83 1 0
github.com/dragosboca/haws/pkg/stack/changeset.go:131.71,138.16 3 0
github.com/dragosboca/haws/pkg/stack/changeset.go:138.16,140.3 1 0
github.com/dragosboca/haws/pkg/stack/changeset.go:142.2,149.24 5 0
github.com/dragosboca/haws/pkg/stack/changeset.go:149.24,151.3 1 0
github.com/dragosboca/haws/pkg/stack/changeset.go:151.8,153.3 1 0
github.com/dragosboca/haws/pkg/stack/changeset.go:155.2,155.35 1 0
github.com/dragosboca/haws/pkg/stack/changeset.go:155.35,160.17 2 0
github.com/dragosboca/haws/pkg/stack/changeset.go:160.17,162.4 1 0
github.com/dragosboca/haws/pkg/stack/changeset.go:164.3,164.28 1 0
github.com/dragosboca/haws/pkg/stack/changeset.go:164.28,166.4 1 0
github.com/dragosboca/haws/pkg/stack/changeset.go:168.3,170.34 2 0
github.com/dragosboca/haws/pkg/stack/changeset.go:170.34,172.4 1 0
github.com/dragosboca/haws/pkg/stack/changeset.go:175.3,176.58 1 0
github.com/dragosboca/haws/pkg/stack/changeset.go:176.58,178.4 1 0
github.com/dragosboca/haws/pkg/stack/changeset.go:180.3,180.20 1 0
github.com/dragosboca/haws/pkg/stack/changeset.go:183.2,183.72 1 0
github.com/dragosboca/haws/pkg/stack/stack.go:22.41,28.2 1 1
github.com/dragosboca/haws/pkg/stack/stack.go:31.30,35.26 3 0
github.com/dragosboca/haws/pkg/stack/stack.go:35.26,37.3 1 0
github.com/dragosboca/haws/pkg/stack/stack.go:37.8,39.3 1 0
github.com/dragosboca/haws/pkg/stack/stack.go:41.2,41.16 1 0
github.com/dragosboca/haws/pkg/stack/stack.go:41.16,43.3 1 0
github.com/dragosboca/haws/pkg/stack/stack.go:45.2,48.16 3 0
github.com/dragosboca/haws/pkg/stack/stack.go:48.16,50.3 1 0
github.com/dragosboca/haws/pkg/stack/stack.go:52.2,53.16 2 0
github.com/dragosboca/haws/pkg/stack/stack.go:53.16,55.3 1 0
github.com/dragosboca/haws/pkg/stack/stack.go:57.2,58.16 2 0
github.com/dragosboca/haws/pkg/stack/stack.go:58.16,60.3 1 0
github.com/dragosboca/haws/pkg/stack/stack.go:61.2,61.8 1 0
github.com/dragosboca/haws/pkg/stack/stack.go:61.8,63.3 1 0
github.com/dragosboca/haws/pkg/stack/stack.go:65.2,65.60 1 0
github.com/dragosboca/haws/pkg/stack/stack.go:65.60,67.3 1 0
github.com/dragosboca/haws/pkg/stack/stack.go:69.2,69.24 1 0
github.com/dragosboca/haws/pkg/stack/stack.go:73.33,75.16 2 0
github.com/dragosboca/haws/pkg/stack/stack.go:75.16,77.3 1 0
github.com/dragosboca/haws/pkg/stack/stack.go:79.2,79.42 1 0
github.com/dragosboca/haws/pkg/stack/stack.go:79.42,81.3 1 0
github.com/dragosboca/haws/pkg/stack/stack.go:84.2,87.12 3 0
github.com/dragosboca/haws/pkg/stack/stack.go:91.37,93.36 1 0
github.com/dragosboca/haws/pkg/stack/stack.go:93.36,95.17 2 0
github.com/dragosboca/haws/pkg/stack/stack.go:95.17,97.4 1 0
github.com/dragosboca/haws/pkg/stack/stack.go:98.3,98.62 1 0
github.com/dragosboca/haws/pkg/stack/stack.go:101.2,104.16 2 0
github.com/dragosboca/haws/pkg/stack/stack.go:104.16,106.3 1 0
github.com/dragosboca/haws/pkg/stack/stack.go:108.2,108.30 1 0
github.com/dragosboca/haws/pkg/stack/stack.go:108.30,110.3 1 0
github.com/dragosboca/haws/pkg/stack/stack.go:112.2,112.47 1 0
github.com/dragosboca/haws/pkg/stack/stack.go:112.47,114.3 1 0
github.com/dragosboca/haws/pkg/stack/stack.go:116.2,116.12 1 0
github.com/dragosboca/haws/pkg/stack/template.go:32.51,43.2 2 1
github.com/dragosboca/haws/pkg/stack/template.go:49.92,55.2 2 1
github.com/dragosboca/haws/pkg/stack/template.go:60.77,62.2 1 1
github.com/dragosboca/haws/pkg/stack/template.go:68.91,71.2 2 1
github.com/dragosboca/haws/pkg/stack/template.go:75.63,77.2 1 1
github.com/dragosboca/haws/pkg/stack/template.go:81.51,83.48 2 0
github.com/dragosboca/haws/pkg/stack/template.go:83.48,85.3 1 0
github.com/dragosboca/haws/pkg/stack/template.go:87.2,87.43 1 0
github.com/dragosboca/haws/pkg/stack/template.go:87.43,89.3 1 0
github.com/dragosboca/haws/pkg/stack/template.go:91.2,91.41 1 0
github.com/dragosboca/haws/pkg/stack/template.go:91.41,93.3 1 0
github.com/dragosboca/haws/pkg/stack/template.go:94.2,94.11 1 0
github.com/dragosboca/haws/pkg/stack/template.go:99.66,101.2 1 0
github.com/dragosboca/haws/pkg/stack/template.go:105.48,107.2 1 1
github.com/dragosboca/haws/pkg/stack/template.go:109.80,110.41 1 1
github.com/dragosboca/haws/pkg/stack/template.go:110.41,112.30 2 1
github.com/dragosboca/haws/pkg/stack/template.go:112.30,113.31 1 1
github.com/dragosboca/haws/pkg/stack/template.go:113.31,119.5 1 1
github.com/dragosboca/haws/pkg/stack/template.go:121.3,121.13 1 1
github.com/dragosboca/haws/pkg/stack/template.go:123.2,123.51 1 0
